2025-04-26 23:24:03,981 - INFO - Starting cardinal data enhancement
2025-04-26 23:24:03,982 - INFO - Loaded 135 cardinals from data/backup/cardinals.json
2025-04-26 23:24:03,982 - INFO - Enhancing data for ADVINCULA Card. Jose Fuerte (1/135) - Simplified to: Advincula Fuerte
2025-04-26 23:24:03,982 - INFO - Searching Wikipedia for: Advincula Jose Fuerte (simple: Advincula Fuerte)
2025-04-26 23:24:04,553 - WARNING - No Wikipedia results found for Advincula Jose Fuerte
2025-04-26 23:24:04,553 - INFO - Searching news for: Advincula Fuerte cardinal Philippines news
2025-04-26 23:24:04,702 - ERROR - Error searching news for Advincula Fuerte: cannot access local variable 'articles' where it is not associated with a value
2025-04-26 23:24:04,702 - INFO - Searching Google for: Advincula Fuerte cardinal Philippines
2025-04-26 23:24:04,779 - INFO - Found 0 Google results for Advincula Fuerte
2025-04-26 23:24:06,785 - INFO - Enhancing data for AGUIAR ALVES Card. Américo Manuel (2/135) - Simplified to: Aguiar Manuel
2025-04-26 23:24:06,786 - INFO - Searching Wikipedia for: Aguiar Alves Américo Manuel (simple: Aguiar Manuel)
2025-04-26 23:24:07,320 - WARNING - No Wikipedia results found for Aguiar Alves Américo Manuel
2025-04-26 23:24:07,321 - INFO - Searching news for: Aguiar Manuel cardinal Portugal news
2025-04-26 23:24:07,387 - ERROR - Error searching news for Aguiar Manuel: cannot access local variable 'articles' where it is not associated with a value
2025-04-26 23:24:07,388 - INFO - Searching Google for: Aguiar Manuel cardinal Portugal
2025-04-26 23:24:07,463 - INFO - Found 0 Google results for Aguiar Manuel
2025-04-26 23:24:09,468 - INFO - Enhancing data for AGUIAR RETES Card. Carlos (3/135) - Simplified to: Aguiar Carlos
2025-04-26 23:24:09,469 - INFO - Searching Wikipedia for: Aguiar Retes Carlos (simple: Aguiar Carlos)
2025-04-26 23:24:09,985 - WARNING - No Wikipedia results found for Aguiar Retes Carlos
2025-04-26 23:24:09,986 - INFO - Searching news for: Aguiar Carlos cardinal Mexico news
2025-04-26 23:24:10,055 - ERROR - Error searching news for Aguiar Carlos: cannot access local variable 'articles' where it is not associated with a value
2025-04-26 23:24:10,056 - INFO - Searching Google for: Aguiar Carlos cardinal Mexico
2025-04-26 23:24:10,132 - INFO - Found 0 Google results for Aguiar Carlos
2025-04-26 23:24:12,138 - INFO - Enhancing data for AMBONGO BESUNGU_Card. Fridolin, O.F.M. Cap. (4/135) - Simplified to: Ambongo Cap.
2025-04-26 23:24:12,139 - INFO - Searching Wikipedia for: Ambongo BESUNGU Fridolin O.F.M. Cap. (simple: Ambongo Cap.)
2025-04-26 23:24:12,712 - WARNING - No Wikipedia results found for Ambongo BESUNGU Fridolin O.F.M. Cap.
2025-04-26 23:24:12,712 - INFO - Searching news for: Ambongo Cap. cardinal Democratic Republic of the Congo news
2025-04-26 23:24:12,776 - ERROR - Error searching news for Ambongo Cap.: cannot access local variable 'articles' where it is not associated with a value
2025-04-26 23:24:12,777 - INFO - Searching Google for: Ambongo Cap. cardinal Democratic Republic of the Congo
2025-04-26 23:24:12,861 - INFO - Found 0 Google results for Ambongo Cap.
2025-04-26 23:24:14,863 - INFO - Enhancing data for ARBORELIUS Card. Anders, O.C.D., (5/135) - Simplified to: Arborelius O.C.D.
2025-04-26 23:24:14,863 - INFO - Searching Wikipedia for: Arborelius Anders O.C.D. (simple: Arborelius O.C.D.)
2025-04-26 23:24:15,371 - WARNING - No Wikipedia results found for Arborelius Anders O.C.D.
2025-04-26 23:24:15,372 - INFO - Searching news for: Arborelius O.C.D. cardinal Sweden news
2025-04-26 23:24:15,439 - ERROR - Error searching news for Arborelius O.C.D.: cannot access local variable 'articles' where it is not associated with a value
2025-04-26 23:24:15,440 - INFO - Searching Google for: Arborelius O.C.D. cardinal Sweden
2025-04-26 23:24:15,511 - INFO - Found 0 Google results for Arborelius O.C.D.
2025-04-26 23:24:17,517 - INFO - Enhancing data for AVELINE Card. Jean-Marc (6/135) - Simplified to: Aveline Jean-Marc
2025-04-26 23:24:17,517 - INFO - Searching Wikipedia for: Aveline Jean-Marc (simple: Aveline Jean-Marc)
2025-04-26 23:24:18,055 - WARNING - No Wikipedia results found for Aveline Jean-Marc
2025-04-26 23:24:18,056 - INFO - Searching news for: Aveline Jean-Marc cardinal France news
2025-04-26 23:24:18,117 - ERROR - Error searching news for Aveline Jean-Marc: cannot access local variable 'articles' where it is not associated with a value
2025-04-26 23:24:18,117 - INFO - Searching Google for: Aveline Jean-Marc cardinal France
2025-04-26 23:24:18,191 - INFO - Found 0 Google results for Aveline Jean-Marc
2025-04-26 23:24:20,196 - INFO - Enhancing data for AVIZ Card. João Braz de (7/135) - Simplified to: Aviz de
2025-04-26 23:24:20,197 - INFO - Searching Wikipedia for: Aviz João Braz de (simple: Aviz de)
2025-04-26 23:24:20,727 - WARNING - No Wikipedia results found for Aviz João Braz de
2025-04-26 23:24:20,727 - INFO - Searching news for: Aviz de cardinal Brazil news
2025-04-26 23:24:20,794 - ERROR - Error searching news for Aviz de: cannot access local variable 'articles' where it is not associated with a value
2025-04-26 23:24:20,794 - INFO - Searching Google for: Aviz de cardinal Brazil
2025-04-26 23:24:20,869 - INFO - Found 0 Google results for Aviz de
2025-04-26 23:24:22,875 - INFO - Enhancing data for BAGGIO Card. Fabio, C.S. (8/135) - Simplified to: Baggio Fabio
2025-04-26 23:24:22,875 - INFO - Searching Wikipedia for: Baggio Fabio (simple: Baggio Fabio)
2025-04-26 23:24:23,391 - WARNING - No Wikipedia results found for Baggio Fabio
2025-04-26 23:24:23,391 - INFO - Searching news for: Baggio Fabio cardinal Italy news
2025-04-26 23:24:23,461 - ERROR - Error searching news for Baggio Fabio: cannot access local variable 'articles' where it is not associated with a value
2025-04-26 23:24:23,461 - INFO - Searching Google for: Baggio Fabio cardinal Italy
2025-04-26 23:24:23,545 - INFO - Found 0 Google results for Baggio Fabio
2025-04-26 23:24:25,551 - INFO - Enhancing data for BARBARIN Card. Philippe (9/135) - Simplified to: Barbarin Philippe
2025-04-26 23:24:25,551 - INFO - Searching Wikipedia for: Barbarin Philippe (simple: Barbarin Philippe)
2025-04-26 23:24:26,346 - WARNING - No Wikipedia results found for Barbarin Philippe
2025-04-26 23:24:26,347 - INFO - Searching news for: Barbarin Philippe cardinal France news
2025-04-26 23:24:26,409 - ERROR - Error searching news for Barbarin Philippe: cannot access local variable 'articles' where it is not associated with a value
2025-04-26 23:24:26,410 - INFO - Searching Google for: Barbarin Philippe cardinal France
2025-04-26 23:24:26,497 - INFO - Found 0 Google results for Barbarin Philippe
2025-04-26 23:24:28,503 - INFO - Enhancing data for BASELIOS Card. Cleemis (10/135) - Simplified to: Baselios Cleemis
2025-04-26 23:24:28,503 - INFO - Searching Wikipedia for: Baselios Cleemis (simple: Baselios Cleemis)
2025-04-26 23:24:28,540 - INFO - Found Wikipedia URL: https://en.wikipedia.org/wiki/Baselios_Cleemis_Cardinal_Thottunkal
2025-04-26 23:24:28,618 - INFO - Found Wikipedia information for Baselios Cleemis
2025-04-26 23:24:28,619 - INFO - Searching news for: Baselios Cleemis cardinal India news
2025-04-26 23:24:28,692 - ERROR - Error searching news for Baselios Cleemis: cannot access local variable 'articles' where it is not associated with a value
2025-04-26 23:24:28,692 - INFO - Searching Google for: Baselios Cleemis cardinal India
2025-04-26 23:24:28,766 - INFO - Found 0 Google results for Baselios Cleemis
2025-04-26 23:24:28,767 - INFO - Saved progress (10/135) to data/enhanced/cardinals_enhanced_progress_20250426_232428.json
2025-04-26 23:24:30,772 - INFO - Enhancing data for BATTAGLIA Card. Domenico (11/135) - Simplified to: Battaglia Domenico
2025-04-26 23:24:30,772 - INFO - Searching Wikipedia for: Battaglia Domenico (simple: Battaglia Domenico)
2025-04-26 23:24:31,291 - WARNING - No Wikipedia results found for Battaglia Domenico
2025-04-26 23:24:31,292 - INFO - Searching news for: Battaglia Domenico cardinal Italy news
2025-04-26 23:25:46,298 - ERROR - Error searching news for Battaglia Domenico: HTTPSConnectionPool(host='duckduckgo.com', port=443): Max retries exceeded with url: /news.js?q=Battaglia+Domenico+cardinal+Italy+news (Caused by ConnectTimeoutError(<urllib3.connection.HTTPSConnection object at 0x1068120d0>, 'Connection to duckduckgo.com timed out. (connect timeout=None)'))
2025-04-26 23:25:46,299 - INFO - Searching Google for: Battaglia Domenico cardinal Italy
2025-04-26 23:25:46,376 - INFO - Found 0 Google results for Battaglia Domenico
2025-04-26 23:25:48,377 - INFO - Enhancing data for BESSI DOGBO Card. Ignace (12/135) - Simplified to: Bessi Ignace
2025-04-26 23:25:48,378 - INFO - Searching Wikipedia for: Bessi Dogbo Ignace (simple: Bessi Ignace)
2025-04-26 23:25:48,895 - WARNING - No Wikipedia results found for Bessi Dogbo Ignace
2025-04-26 23:25:48,895 - INFO - Searching news for: Bessi Ignace cardinal Ivory Coast news
2025-04-26 23:27:03,899 - ERROR - Error searching news for Bessi Ignace: HTTPSConnectionPool(host='duckduckgo.com', port=443): Max retries exceeded with url: /news.js?q=Bessi+Ignace+cardinal+Ivory+Coast+news (Caused by ConnectTimeoutError(<urllib3.connection.HTTPSConnection object at 0x1068139d0>, 'Connection to duckduckgo.com timed out. (connect timeout=None)'))
2025-04-26 23:27:03,899 - INFO - Searching Google for: Bessi Ignace cardinal Ivory Coast
2025-04-26 23:27:04,025 - INFO - Found 0 Google results for Bessi Ignace
2025-04-26 23:27:06,031 - INFO - Enhancing data for BETORI Card. Giuseppe (13/135) - Simplified to: Betori Giuseppe
2025-04-26 23:27:06,031 - INFO - Searching Wikipedia for: Betori Giuseppe (simple: Betori Giuseppe)
2025-04-26 23:27:06,739 - WARNING - No Wikipedia results found for Betori Giuseppe
2025-04-26 23:27:06,740 - INFO - Searching news for: Betori Giuseppe cardinal Italy news
2025-04-26 23:28:21,746 - ERROR - Error searching news for Betori Giuseppe: HTTPSConnectionPool(host='duckduckgo.com', port=443): Max retries exceeded with url: /news.js?q=Betori+Giuseppe+cardinal+Italy+news (Caused by ConnectTimeoutError(<urllib3.connection.HTTPSConnection object at 0x1068134d0>, 'Connection to duckduckgo.com timed out. (connect timeout=None)'))
2025-04-26 23:28:21,747 - INFO - Searching Google for: Betori Giuseppe cardinal Italy
2025-04-26 23:28:21,895 - INFO - Found 0 Google results for Betori Giuseppe
2025-04-26 23:28:23,898 - INFO - Enhancing data for BO Card. Charles Maung, S.D.B. (14/135) - Simplified to: Bo Maung
2025-04-26 23:28:23,898 - INFO - Searching Wikipedia for: Bo Charles Maung (simple: Bo Maung)
2025-04-26 23:28:24,441 - WARNING - No Wikipedia results found for Bo Charles Maung
2025-04-26 23:28:24,441 - INFO - Searching news for: Bo Maung cardinal Myanmar news
