2025-04-26 23:04:25,396 - INFO - Starting cardinal data enhancement
2025-04-26 23:04:25,396 - INFO - Created directory: data/processed
2025-04-26 23:04:25,396 - INFO - Created directory: data/enhanced
2025-04-26 23:04:25,397 - INFO - Loaded 135 cardinals from data/backup/cardinals.json
2025-04-26 23:04:25,397 - INFO - Enhancing data for ADVINCULA Card. Jose Fuerte (1/135)
2025-04-26 23:04:25,397 - INFO - Searching Wikipedia for: ADVINCULA  Jose Fuerte cardinal Philippines
2025-04-26 23:04:26,331 - WARNING - No Wikipedia results found for ADVINCULA  Jose Fuerte
2025-04-26 23:04:26,333 - INFO - Searching news for: ADVINCULA  Jose Fuerte cardinal Philippines news
2025-04-26 23:04:26,875 - INFO - Found 0 news articles for ADVINCULA  Jose Fuerte
2025-04-26 23:04:28,881 - INFO - Enhancing data for AGUIAR ALVES Card. Américo Manuel (2/135)
2025-04-26 23:04:28,882 - INFO - Searching Wikipedia for: AGUIAR ALVES  Américo Manuel cardinal Portugal
2025-04-26 23:04:29,724 - WARNING - No Wikipedia results found for AGUIAR ALVES  Américo Manuel
2025-04-26 23:04:29,727 - INFO - Searching news for: AGUIAR ALVES  Américo Manuel cardinal Portugal news
2025-04-26 23:04:30,202 - INFO - Found 0 news articles for AGUIAR ALVES  Américo Manuel
2025-04-26 23:04:32,207 - INFO - Enhancing data for AGUIAR RETES Card. Carlos (3/135)
2025-04-26 23:04:32,208 - INFO - Searching Wikipedia for: AGUIAR RETES  Carlos cardinal Mexico
2025-04-26 23:04:32,907 - WARNING - No Wikipedia results found for AGUIAR RETES  Carlos
2025-04-26 23:04:32,908 - INFO - Searching news for: AGUIAR RETES  Carlos cardinal Mexico news
2025-04-26 23:04:33,334 - INFO - Found 0 news articles for AGUIAR RETES  Carlos
2025-04-26 23:04:35,339 - INFO - Enhancing data for AMBONGO BESUNGU_Card. Fridolin, O.F.M. Cap. (4/135)
2025-04-26 23:04:35,340 - INFO - Searching Wikipedia for: AMBONGO BESUNGU_ Fridolin O.F.M. Cap. cardinal Democratic Republic of the Congo
2025-04-26 23:04:36,082 - WARNING - No Wikipedia results found for AMBONGO BESUNGU_ Fridolin O.F.M. Cap.
2025-04-26 23:04:36,083 - INFO - Searching news for: AMBONGO BESUNGU_ Fridolin O.F.M. Cap. cardinal Democratic Republic of the Congo news
2025-04-26 23:04:36,549 - INFO - Found 0 news articles for AMBONGO BESUNGU_ Fridolin O.F.M. Cap.
2025-04-26 23:04:38,555 - INFO - Enhancing data for ARBORELIUS Card. Anders, O.C.D., (5/135)
2025-04-26 23:04:38,556 - INFO - Searching Wikipedia for: ARBORELIUS  Anders O.C.D. cardinal Sweden
2025-04-26 23:04:39,456 - WARNING - No Wikipedia results found for ARBORELIUS  Anders O.C.D.
2025-04-26 23:04:39,458 - INFO - Searching news for: ARBORELIUS  Anders O.C.D. cardinal Sweden news
2025-04-26 23:04:39,796 - INFO - Found 0 news articles for ARBORELIUS  Anders O.C.D.
2025-04-26 23:04:41,802 - INFO - Enhancing data for AVELINE Card. Jean-Marc (6/135)
2025-04-26 23:04:41,802 - INFO - Searching Wikipedia for: AVELINE  Jean-Marc cardinal France
2025-04-26 23:04:42,627 - WARNING - No Wikipedia results found for AVELINE  Jean-Marc
2025-04-26 23:04:42,628 - INFO - Searching news for: AVELINE  Jean-Marc cardinal France news
2025-04-26 23:04:43,137 - INFO - Found 0 news articles for AVELINE  Jean-Marc
2025-04-26 23:04:45,142 - INFO - Enhancing data for AVIZ Card. João Braz de (7/135)
2025-04-26 23:04:45,142 - INFO - Searching Wikipedia for: AVIZ  João Braz de cardinal Brazil
2025-04-26 23:04:46,064 - WARNING - No Wikipedia results found for AVIZ  João Braz de
2025-04-26 23:04:46,065 - INFO - Searching news for: AVIZ  João Braz de cardinal Brazil news
2025-04-26 23:04:46,475 - INFO - Found 0 news articles for AVIZ  João Braz de
2025-04-26 23:04:48,481 - INFO - Enhancing data for BAGGIO Card. Fabio, C.S. (8/135)
2025-04-26 23:04:48,481 - INFO - Searching Wikipedia for: BAGGIO  Fabio C.S. cardinal Italy
2025-04-26 23:04:49,258 - WARNING - No Wikipedia results found for BAGGIO  Fabio C.S.
2025-04-26 23:04:49,258 - INFO - Searching news for: BAGGIO  Fabio C.S. cardinal Italy news
2025-04-26 23:04:49,680 - INFO - Found 0 news articles for BAGGIO  Fabio C.S.
2025-04-26 23:04:51,682 - INFO - Enhancing data for BARBARIN Card. Philippe (9/135)
2025-04-26 23:04:51,682 - INFO - Searching Wikipedia for: BARBARIN  Philippe cardinal France
2025-04-26 23:04:52,695 - WARNING - No Wikipedia results found for BARBARIN  Philippe
2025-04-26 23:04:52,697 - INFO - Searching news for: BARBARIN  Philippe cardinal France news
2025-04-26 23:04:53,193 - INFO - Found 0 news articles for BARBARIN  Philippe
2025-04-26 23:04:55,199 - INFO - Enhancing data for BASELIOS Card. Cleemis (10/135)
2025-04-26 23:04:55,199 - INFO - Searching Wikipedia for: BASELIOS  Cleemis cardinal India
2025-04-26 23:04:56,053 - WARNING - No Wikipedia results found for BASELIOS  Cleemis
2025-04-26 23:04:56,055 - INFO - Searching news for: BASELIOS  Cleemis cardinal India news
2025-04-26 23:04:56,514 - INFO - Found 0 news articles for BASELIOS  Cleemis
2025-04-26 23:04:56,515 - INFO - Saved progress (10/135) to data/enhanced/cardinals_enhanced_progress_20250426_230456.json
2025-04-26 23:04:58,520 - INFO - Enhancing data for BATTAGLIA Card. Domenico (11/135)
2025-04-26 23:04:58,521 - INFO - Searching Wikipedia for: BATTAGLIA  Domenico cardinal Italy
2025-04-26 23:04:59,518 - WARNING - No Wikipedia results found for BATTAGLIA  Domenico
2025-04-26 23:04:59,519 - INFO - Searching news for: BATTAGLIA  Domenico cardinal Italy news
2025-04-26 23:04:59,953 - INFO - Found 0 news articles for BATTAGLIA  Domenico
2025-04-26 23:05:01,959 - INFO - Enhancing data for BESSI DOGBO Card. Ignace (12/135)
2025-04-26 23:05:01,959 - INFO - Searching Wikipedia for: BESSI DOGBO  Ignace cardinal Ivory Coast
2025-04-26 23:05:02,911 - WARNING - No Wikipedia results found for BESSI DOGBO  Ignace
2025-04-26 23:05:02,912 - INFO - Searching news for: BESSI DOGBO  Ignace cardinal Ivory Coast news
2025-04-26 23:05:03,348 - INFO - Found 0 news articles for BESSI DOGBO  Ignace
2025-04-26 23:05:05,353 - INFO - Enhancing data for BETORI Card. Giuseppe (13/135)
2025-04-26 23:05:05,353 - INFO - Searching Wikipedia for: BETORI  Giuseppe cardinal Italy
2025-04-26 23:05:06,107 - WARNING - No Wikipedia results found for BETORI  Giuseppe
2025-04-26 23:05:06,108 - INFO - Searching news for: BETORI  Giuseppe cardinal Italy news
2025-04-26 23:05:06,501 - INFO - Found 0 news articles for BETORI  Giuseppe
2025-04-26 23:05:08,506 - INFO - Enhancing data for BO Card. Charles Maung, S.D.B. (14/135)
2025-04-26 23:05:08,506 - INFO - Searching Wikipedia for: BO  Charles Maung S.D.B. cardinal Myanmar
2025-04-26 23:05:09,363 - WARNING - No Wikipedia results found for BO  Charles Maung S.D.B.
2025-04-26 23:05:09,364 - INFO - Searching news for: BO  Charles Maung S.D.B. cardinal Myanmar news
2025-04-26 23:05:09,712 - INFO - Found 0 news articles for BO  Charles Maung S.D.B.
2025-04-26 23:05:11,714 - INFO - Enhancing data for BOKALIC IGLIC Card. Vicente, C.M. (15/135)
2025-04-26 23:05:11,714 - INFO - Searching Wikipedia for: BOKALIC IGLIC  Vicente C.M. cardinal Argentina
2025-04-26 23:05:12,529 - WARNING - No Wikipedia results found for BOKALIC IGLIC  Vicente C.M.
2025-04-26 23:05:12,531 - INFO - Searching news for: BOKALIC IGLIC  Vicente C.M. cardinal Argentina news
2025-04-26 23:05:12,878 - INFO - Found 0 news articles for BOKALIC IGLIC  Vicente C.M.
2025-04-26 23:05:14,881 - INFO - Enhancing data for BOZANIĆ Card. Josip (16/135)
2025-04-26 23:05:14,881 - INFO - Searching Wikipedia for: BOZANIĆ  Josip cardinal Croatia
2025-04-26 23:05:15,716 - WARNING - No Wikipedia results found for BOZANIĆ  Josip
2025-04-26 23:05:15,717 - INFO - Searching news for: BOZANIĆ  Josip cardinal Croatia news
2025-04-26 23:05:16,125 - INFO - Found 0 news articles for BOZANIĆ  Josip
2025-04-26 23:05:18,130 - INFO - Enhancing data for BRENES SOLÓRZANO Card. Leopoldo José (17/135)
2025-04-26 23:05:18,132 - INFO - Searching Wikipedia for: BRENES SOLÓRZANO  Leopoldo José cardinal Nicaragua
2025-04-26 23:05:19,051 - WARNING - No Wikipedia results found for BRENES SOLÓRZANO  Leopoldo José
2025-04-26 23:05:19,052 - INFO - Searching news for: BRENES SOLÓRZANO  Leopoldo José cardinal Nicaragua news
2025-04-26 23:05:19,450 - INFO - Found 0 news articles for BRENES SOLÓRZANO  Leopoldo José
2025-04-26 23:05:21,456 - INFO - Enhancing data for BRISLIN Card. Stephen (18/135)
2025-04-26 23:05:21,456 - INFO - Searching Wikipedia for: BRISLIN  Stephen cardinal South Africa
2025-04-26 23:05:22,238 - WARNING - No Wikipedia results found for BRISLIN  Stephen
2025-04-26 23:05:22,238 - INFO - Searching news for: BRISLIN  Stephen cardinal South Africa news
2025-04-26 23:05:22,684 - INFO - Found 0 news articles for BRISLIN  Stephen
2025-04-26 23:05:24,689 - INFO - Enhancing data for BURKE Card. Raymond Leo (19/135)
2025-04-26 23:05:24,690 - INFO - Searching Wikipedia for: BURKE  Raymond Leo cardinal United States of America
2025-04-26 23:05:25,552 - WARNING - No Wikipedia results found for BURKE  Raymond Leo
2025-04-26 23:05:25,553 - INFO - Searching news for: BURKE  Raymond Leo cardinal United States of America news
2025-04-26 23:05:26,126 - INFO - Found 0 news articles for BURKE  Raymond Leo
2025-04-26 23:05:28,130 - INFO - Enhancing data for BUSTILLO Card. François-Xavier, O.F.M. Conv. (20/135)
2025-04-26 23:05:28,130 - INFO - Searching Wikipedia for: BUSTILLO  François-Xavier O.F.M. Conv. cardinal France
